==> Vault server configuration:

Administrative Namespace: 
             Api Address: http://127.0.0.1:8200
                     Cgo: disabled
         Cluster Address: https://127.0.0.1:8201
   Environment Variables: HOME, HOSTNAME, NAME, PATH, PWD, SHLVL, VAULT_ADDR, VAULT_TOKEN, VERSION
              Go Version: go1.25.4
              Listener 1: tcp (addr: "0.0.0.0:8200", cluster address: "0.0.0.0:8201", disable_request_limiter: "false", max_json_array_element_count: "10000", max_json_depth: "300", max_json_object_entry_count: "10000", max_json_string_value_length: "1048576", max_request_duration: "1m30s", max_request_size: "33554432", tls: "disabled")
               Log Level: 
                   Mlock: supported: true, enabled: false
           Recovery Mode: false
                 Storage: raft (HA available)
                 Version: Vault v1.21.1, built 2025-11-18T13:04:32Z
             Version Sha: 2453aac2638a6ae243341b4e0657fd8aea1cbf18

==> Vault server started! Log data will stream in below:

2026-01-04T07:11:36.081Z [INFO]  proxy environment: http_proxy="" https_proxy="" no_proxy=""
2026-01-04T07:11:36.121Z [INFO]  incrementing seal generation: generation=1
2026-01-04T07:11:36.121Z [INFO]  core: Initializing version history cache for core
2026-01-04T07:11:36.121Z [INFO]  events: Starting event system
2026-01-04T07:11:37.128Z [INFO]  core: security barrier not initialized
2026-01-04T07:11:37.128Z [INFO]  core: seal configuration missing, not initialized
2026-01-04T07:11:37.180Z [INFO]  core: security barrier not initialized
2026-01-04T07:11:37.180Z [INFO]  core: seal configuration missing, not initialized
2026-01-04T07:11:37.181Z [INFO]  core: security barrier not initialized
2026-01-04T07:11:37.198Z [INFO]  storage.raft: creating Raft: config="&raft.Config{ProtocolVersion:3, HeartbeatTimeout:5000000000, ElectionTimeout:5000000000, CommitTimeout:50000000, MaxAppendEntries:64, BatchApplyCh:true, ShutdownOnRemove:true, TrailingLogs:0x2800, SnapshotInterval:120000000000, SnapshotThreshold:0x2000, LeaderLeaseTimeout:2500000000, LocalID:\"node1\", NotifyCh:(chan<- bool)(0xc0012ce280), LogOutput:io.Writer(nil), LogLevel:\"DEBUG\", Logger:(*hclog.interceptLogger)(0xc0010e3a10), NoSnapshotRestoreOnStart:true, PreVoteDisabled:false, NoLegacyTelemetry:false, skipStartup:false}"
2026-01-04T07:11:37.204Z [INFO]  storage.raft: initial configuration: index=1 servers="[{Suffrage:Voter ID:node1 Address:127.0.0.1:8201}]"
2026-01-04T07:11:37.205Z [INFO]  storage.raft: entering follower state: follower="Node at node1 [Follower]" leader-address= leader-id=
2026-01-04T07:11:43.602Z [WARN]  storage.raft: heartbeat timeout reached, starting election: last-leader-addr= last-leader-id=
2026-01-04T07:11:43.603Z [INFO]  storage.raft: entering candidate state: node="Node at node1 [Candidate]" term=2
2026-01-04T07:11:43.603Z [INFO]  storage.raft: pre-vote successful, starting election: term=2 tally=1 refused=0 votesNeeded=1
2026-01-04T07:11:43.627Z [INFO]  storage.raft: election won: term=2 tally=1
2026-01-04T07:11:43.628Z [INFO]  storage.raft: entering leader state: leader="Node at node1 [Leader]"
2026-01-04T07:11:43.694Z [INFO]  core: security barrier initialized: stored=1 shares=1 threshold=1
2026-01-04T07:11:43.815Z [INFO]  core: post-unseal setup starting
2026-01-04T07:11:43.862Z [INFO]  core: loaded wrapping token key
2026-01-04T07:11:43.863Z [INFO]  core: successfully setup plugin runtime catalog
2026-01-04T07:11:43.867Z [INFO]  core: successfully setup plugin catalog: plugin-directory=""
2026-01-04T07:11:43.868Z [INFO]  core: no mounts; adding default mount table
2026-01-04T07:11:43.918Z [INFO]  core: successfully mounted: type=cubbyhole version="v1.21.1+builtin.vault" path=cubbyhole/ namespace="ID: root. Path: "
2026-01-04T07:11:43.919Z [INFO]  core: successfully mounted: type=system version="v1.21.1+builtin.vault" path=sys/ namespace="ID: root. Path: "
2026-01-04T07:11:43.920Z [INFO]  core: successfully mounted: type=identity version="v1.21.1+builtin.vault" path=identity/ namespace="ID: root. Path: "
2026-01-04T07:11:44.017Z [INFO]  core: successfully mounted: type=token version="v1.21.1+builtin.vault" path=token/ namespace="ID: root. Path: "
2026-01-04T07:11:44.041Z [INFO]  rollback: Starting the rollback manager with 256 workers
2026-01-04T07:11:44.041Z [INFO]  rollback: starting rollback manager
2026-01-04T07:11:44.042Z [INFO]  core: restoring leases
2026-01-04T07:11:44.043Z [INFO]  expiration: lease restore complete
2026-01-04T07:11:44.083Z [INFO]  identity: entities restored
2026-01-04T07:11:44.083Z [INFO]  identity: groups restored
2026-01-04T07:11:44.085Z [INFO]  core: usage gauge collection is disabled
2026-01-04T07:11:44.103Z [INFO]  core: Recorded vault version: vault version=1.21.1 upgrade time="2026-01-04 07:11:44.084974981 +0000 UTC" build date=2025-11-18T13:04:32Z
2026-01-04T07:11:44.148Z [INFO]  core: post-unseal setup complete
2026-01-04T07:11:44.188Z [INFO]  core: root token generated
2026-01-04T07:11:44.227Z [INFO]  core: pre-seal teardown starting
2026-01-04T07:11:44.227Z [INFO]  core: stopping raft active node
2026-01-04T07:11:44.228Z [INFO]  rollback: stopping rollback manager
2026-01-04T07:11:44.228Z [INFO]  core: pre-seal teardown complete
2026-01-04T07:11:44.280Z [INFO]  core.cluster-listener.tcp: starting listener: listener_address=0.0.0.0:8201
2026-01-04T07:11:44.281Z [INFO]  core.cluster-listener: serving cluster requests: cluster_listen_address=[::]:8201
2026-01-04T07:11:44.282Z [INFO]  storage.raft: creating Raft: config="&raft.Config{ProtocolVersion:3, HeartbeatTimeout:15000000000, ElectionTimeout:15000000000, CommitTimeout:50000000, MaxAppendEntries:64, BatchApplyCh:true, ShutdownOnRemove:true, TrailingLogs:0x2800, SnapshotInterval:120000000000, SnapshotThreshold:0x2000, LeaderLeaseTimeout:2500000000, LocalID:\"node1\", NotifyCh:(chan<- bool)(0xc0012ce000), LogOutput:io.Writer(nil), LogLevel:\"DEBUG\", Logger:(*hclog.interceptLogger)(0xc0010e3a10), NoSnapshotRestoreOnStart:true, PreVoteDisabled:false, NoLegacyTelemetry:false, skipStartup:false}"
2026-01-04T07:11:44.289Z [INFO]  storage.raft: initial configuration: index=1 servers="[{Suffrage:Voter ID:node1 Address:127.0.0.1:8201}]"
2026-01-04T07:11:44.289Z [INFO]  core: vault is unsealed
2026-01-04T07:11:44.289Z [INFO]  storage.raft: entering follower state: follower="Node at 127.0.0.1:8201 [Follower]" leader-address= leader-id=
2026-01-04T07:11:44.290Z [WARN]  storage.raft: heartbeat timeout reached, starting election: last-leader-addr= last-leader-id=
2026-01-04T07:11:44.290Z [INFO]  storage.raft: entering candidate state: node="Node at 127.0.0.1:8201 [Candidate]" term=3
2026-01-04T07:11:44.291Z [INFO]  storage.raft: pre-vote successful, starting election: term=3 tally=1 refused=0 votesNeeded=1
2026-01-04T07:11:44.289Z [INFO]  core: entering standby mode
2026-01-04T07:11:44.310Z [INFO]  storage.raft: election won: term=3 tally=1
2026-01-04T07:11:44.311Z [INFO]  storage.raft: entering leader state: leader="Node at 127.0.0.1:8201 [Leader]"
2026-01-04T07:11:44.329Z [INFO]  core: acquired lock, enabling active operation
2026-01-04T07:11:44.344Z [INFO]  core: post-unseal setup starting
2026-01-04T07:11:44.358Z [INFO]  core: loaded wrapping token key
2026-01-04T07:11:44.358Z [INFO]  core: successfully setup plugin runtime catalog
2026-01-04T07:11:44.359Z [INFO]  core: successfully setup plugin catalog: plugin-directory=""
2026-01-04T07:11:44.360Z [INFO]  core: successfully mounted: type=system version="v1.21.1+builtin.vault" path=sys/ namespace="ID: root. Path: "
2026-01-04T07:11:44.360Z [INFO]  core: successfully mounted: type=identity version="v1.21.1+builtin.vault" path=identity/ namespace="ID: root. Path: "
2026-01-04T07:11:44.360Z [INFO]  core: successfully mounted: type=cubbyhole version="v1.21.1+builtin.vault" path=cubbyhole/ namespace="ID: root. Path: "
2026-01-04T07:11:44.361Z [INFO]  core: successfully mounted: type=token version="v1.21.1+builtin.vault" path=token/ namespace="ID: root. Path: "
2026-01-04T07:11:44.362Z [INFO]  rollback: Starting the rollback manager with 256 workers
2026-01-04T07:11:44.362Z [INFO]  rollback: starting rollback manager
2026-01-04T07:11:44.362Z [INFO]  core: restoring leases
2026-01-04T07:11:44.362Z [INFO]  identity: entities restored
2026-01-04T07:11:44.363Z [INFO]  identity: groups restored
2026-01-04T07:11:44.363Z [INFO]  core: starting raft active node
2026-01-04T07:11:44.363Z [INFO]  storage.raft: starting autopilot: config="CleanupDeadServers:false LastContactThreshold:10s DeadServerLastContactThreshold:24h0m0s MaxTrailingLogs:1000 MinQuorum:0 ServerStabilizationTime:10s DisableUpgradeMigration:false RedundancyZoneTag:redundancy_zone UpgradeVersionTag:upgrade_version"
2026-01-04T07:11:44.364Z [INFO]  expiration: lease restore complete
2026-01-04T07:11:44.376Z [INFO]  core: usage gauge collection is disabled
2026-01-04T07:11:44.376Z [INFO]  core: post-unseal setup complete
2026-01-04T07:11:44.516Z [INFO]  core: successful mount: namespace="" path=secret/ type=kv version="v0.25.0+builtin"
